C:\USERS\RYANCHAN\DROPBOX\CS174C_ASSIGNMENT3\ASSIGNMENT 3 TEMPLATE (VS2012)\UTIL\DEBUG\BALL.OBJ
C:\USERS\RYANCHAN\DROPBOX\CS174C_ASSIGNMENT3\ASSIGNMENT 3 TEMPLATE (VS2012)\UTIL\DEBUG\BALLAUX.OBJ
C:\USERS\RYANCHAN\DROPBOX\CS174C_ASSIGNMENT3\ASSIGNMENT 3 TEMPLATE (VS2012)\UTIL\DEBUG\BALLMATH.OBJ
C:\USERS\RYANCHAN\DROPBOX\CS174C_ASSIGNMENT3\ASSIGNMENT 3 TEMPLATE (VS2012)\UTIL\DEBUG\COORDSYSTEM.OBJ
C:\USERS\RYANCHAN\DROPBOX\CS174C_ASSIGNMENT3\ASSIGNMENT 3 TEMPLATE (VS2012)\UTIL\DEBUG\FRAMESAVER.OBJ
C:\USERS\RYANCHAN\DROPBOX\CS174C_ASSIGNMENT3\ASSIGNMENT 3 TEMPLATE (VS2012)\UTIL\DEBUG\GLUTILITIES.OBJ
C:\USERS\RYANCHAN\DROPBOX\CS174C_ASSIGNMENT3\ASSIGNMENT 3 TEMPLATE (VS2012)\UTIL\DEBUG\MYMATH.OBJ
C:\USERS\RYANCHAN\DROPBOX\CS174C_ASSIGNMENT3\ASSIGNMENT 3 TEMPLATE (VS2012)\UTIL\DEBUG\NOISE.OBJ
C:\USERS\RYANCHAN\DROPBOX\CS174C_ASSIGNMENT3\ASSIGNMENT 3 TEMPLATE (VS2012)\UTIL\DEBUG\PICKER.OBJ
C:\USERS\RYANCHAN\DROPBOX\CS174C_ASSIGNMENT3\ASSIGNMENT 3 TEMPLATE (VS2012)\UTIL\DEBUG\QUATERNION.OBJ
C:\USERS\RYANCHAN\DROPBOX\CS174C_ASSIGNMENT3\ASSIGNMENT 3 TEMPLATE (VS2012)\UTIL\DEBUG\TIMER.OBJ
C:\USERS\RYANCHAN\DROPBOX\CS174C_ASSIGNMENT3\ASSIGNMENT 3 TEMPLATE (VS2012)\UTIL\DEBUG\VECTOR.OBJ
C:\USERS\RYANCHAN\DROPBOX\CS174C_ASSIGNMENT3\ASSIGNMENT 3 TEMPLATE (VS2012)\UTIL\DEBUG\VECTOROBJ.OBJ
C:\USERS\RYANCHAN\DROPBOX\CS174C_ASSIGNMENT3\ASSIGNMENT 3 TEMPLATE (VS2012)\UTIL\DEBUG\VC110.PDB
C:\USERS\RYANCHAN\DROPBOX\CS174C_ASSIGNMENT3\ASSIGNMENT 3 TEMPLATE (VS2012)\LIB\UTIL.LIB
C:\Users\RyanChan\Dropbox\CS174C_assignment3\Assignment 3 template (VS2012)\util\Debug\Ball.obj
C:\Users\RyanChan\Dropbox\CS174C_assignment3\Assignment 3 template (VS2012)\util\Debug\BallAux.obj
C:\Users\RyanChan\Dropbox\CS174C_assignment3\Assignment 3 template (VS2012)\util\Debug\BallMath.obj
C:\Users\RyanChan\Dropbox\CS174C_assignment3\Assignment 3 template (VS2012)\util\Debug\CoordSystem.obj
C:\Users\RyanChan\Dropbox\CS174C_assignment3\Assignment 3 template (VS2012)\util\Debug\FrameSaver.obj
C:\Users\RyanChan\Dropbox\CS174C_assignment3\Assignment 3 template (VS2012)\util\Debug\GLutilities.obj
C:\Users\RyanChan\Dropbox\CS174C_assignment3\Assignment 3 template (VS2012)\util\Debug\myMath.obj
C:\Users\RyanChan\Dropbox\CS174C_assignment3\Assignment 3 template (VS2012)\util\Debug\noise.obj
C:\Users\RyanChan\Dropbox\CS174C_assignment3\Assignment 3 template (VS2012)\util\Debug\Picker.obj
C:\Users\RyanChan\Dropbox\CS174C_assignment3\Assignment 3 template (VS2012)\util\Debug\Quaternion.obj
C:\Users\RyanChan\Dropbox\CS174C_assignment3\Assignment 3 template (VS2012)\util\Debug\Timer.obj
C:\Users\RyanChan\Dropbox\CS174C_assignment3\Assignment 3 template (VS2012)\util\Debug\vector.obj
C:\Users\RyanChan\Dropbox\CS174C_assignment3\Assignment 3 template (VS2012)\util\Debug\vectorObj.obj
C:\Users\RyanChan\Dropbox\CS174C_assignment3\Assignment 3 template (VS2012)\util\Debug\cl.command.1.tlog
C:\Users\RyanChan\Dropbox\CS174C_assignment3\Assignment 3 template (VS2012)\util\Debug\CL.read.1.tlog
C:\Users\RyanChan\Dropbox\CS174C_assignment3\Assignment 3 template (VS2012)\util\Debug\CL.write.1.tlog
C:\Users\RyanChan\Dropbox\CS174C_assignment3\Assignment 3 template (VS2012)\util\Debug\Lib-link.read.1.tlog
C:\Users\RyanChan\Dropbox\CS174C_assignment3\Assignment 3 template (VS2012)\util\Debug\Lib-link.write.1.tlog
C:\Users\RyanChan\Dropbox\CS174C_assignment3\Assignment 3 template (VS2012)\util\Debug\lib.command.1.tlog
C:\Users\RyanChan\Dropbox\CS174C_assignment3\Assignment 3 template (VS2012)\util\Debug\vc110.idb
C:\Users\RyanChan\Dropbox\CS174C_assignment3\Assignment 3 template (VS2012)\util\Debug\vc110.pdb
C:\Users\RyanChan\Dropbox\CS174C_assignment3\Assignment 3 template (VS2012)\lib\util.lib
