C:\USERS\RYANCHAN\DROPBOX\CS174C_ASSIGNMENT3\ASSIGNMENT 3 TEMPLATE (VS2012)\BUILD\ANIM.OBJ
C:\USERS\RYANCHAN\DROPBOX\CS174C_ASSIGNMENT3\ASSIGNMENT 3 TEMPLATE (VS2012)\BUILD\ANIMTCL.OBJ
C:\USERS\RYANCHAN\DROPBOX\CS174C_ASSIGNMENT3\ASSIGNMENT 3 TEMPLATE (VS2012)\BUILD\BASEOBJECT.OBJ
C:\USERS\RYANCHAN\DROPBOX\CS174C_ASSIGNMENT3\ASSIGNMENT 3 TEMPLATE (VS2012)\BUILD\BASESIMULATOR.OBJ
C:\USERS\RYANCHAN\DROPBOX\CS174C_ASSIGNMENT3\ASSIGNMENT 3 TEMPLATE (VS2012)\BUILD\BASESYSTEM.OBJ
C:\USERS\RYANCHAN\DROPBOX\CS174C_ASSIGNMENT3\ASSIGNMENT 3 TEMPLATE (VS2012)\BUILD\GLOBALRESOURCEMANAGER.OBJ
C:\USERS\RYANCHAN\DROPBOX\CS174C_ASSIGNMENT3\ASSIGNMENT 3 TEMPLATE (VS2012)\BUILD\HERMITE.OBJ
C:\USERS\RYANCHAN\DROPBOX\CS174C_ASSIGNMENT3\ASSIGNMENT 3 TEMPLATE (VS2012)\BUILD\IKSIMULATOR.OBJ
C:\USERS\RYANCHAN\DROPBOX\CS174C_ASSIGNMENT3\ASSIGNMENT 3 TEMPLATE (VS2012)\BUILD\MYSCENE.OBJ
C:\USERS\RYANCHAN\DROPBOX\CS174C_ASSIGNMENT3\ASSIGNMENT 3 TEMPLATE (VS2012)\BUILD\RESOURCEMANAGER.OBJ
C:\USERS\RYANCHAN\DROPBOX\CS174C_ASSIGNMENT3\ASSIGNMENT 3 TEMPLATE (VS2012)\BUILD\SAMPLEGRAVITYSIMULATOR.OBJ
C:\USERS\RYANCHAN\DROPBOX\CS174C_ASSIGNMENT3\ASSIGNMENT 3 TEMPLATE (VS2012)\BUILD\SAMPLEPARTICLE.OBJ
C:\USERS\RYANCHAN\DROPBOX\CS174C_ASSIGNMENT3\ASSIGNMENT 3 TEMPLATE (VS2012)\BUILD\VC110.PDB
C:\USERS\RYANCHAN\DROPBOX\CS174C_ASSIGNMENT3\ASSIGNMENT 3 TEMPLATE (VS2012)\BUILD\ANIM.ILK
C:\USERS\RYANCHAN\DROPBOX\CS174C_ASSIGNMENT3\ASSIGNMENT 3 TEMPLATE (VS2012)\BUILD\ANIM.EXE
C:\USERS\RYANCHAN\DROPBOX\CS174C_ASSIGNMENT3\ASSIGNMENT 3 TEMPLATE (VS2012)\BUILD\ANIM.PDB
C:\Users\RyanChan\Dropbox\CS174C_assignment3\Assignment 3 template (VS2012)\Build\anim.obj
C:\Users\RyanChan\Dropbox\CS174C_assignment3\Assignment 3 template (VS2012)\Build\animTcl.obj
C:\Users\RyanChan\Dropbox\CS174C_assignment3\Assignment 3 template (VS2012)\Build\BaseObject.obj
C:\Users\RyanChan\Dropbox\CS174C_assignment3\Assignment 3 template (VS2012)\Build\BaseSimulator.obj
C:\Users\RyanChan\Dropbox\CS174C_assignment3\Assignment 3 template (VS2012)\Build\BaseSystem.obj
C:\Users\RyanChan\Dropbox\CS174C_assignment3\Assignment 3 template (VS2012)\Build\GlobalResourceManager.obj
C:\Users\RyanChan\Dropbox\CS174C_assignment3\Assignment 3 template (VS2012)\Build\Hermite.obj
C:\Users\RyanChan\Dropbox\CS174C_assignment3\Assignment 3 template (VS2012)\Build\IKSimulator.obj
C:\Users\RyanChan\Dropbox\CS174C_assignment3\Assignment 3 template (VS2012)\Build\myScene.obj
C:\Users\RyanChan\Dropbox\CS174C_assignment3\Assignment 3 template (VS2012)\Build\ResourceManager.obj
C:\Users\RyanChan\Dropbox\CS174C_assignment3\Assignment 3 template (VS2012)\Build\SampleGravitySimulator.obj
C:\Users\RyanChan\Dropbox\CS174C_assignment3\Assignment 3 template (VS2012)\Build\SampleParticle.obj
C:\Users\RyanChan\Dropbox\CS174C_assignment3\Assignment 3 template (VS2012)\Build\anim.ilk
C:\Users\RyanChan\Dropbox\CS174C_assignment3\Assignment 3 template (VS2012)\Build\cl.command.1.tlog
C:\Users\RyanChan\Dropbox\CS174C_assignment3\Assignment 3 template (VS2012)\Build\CL.read.1.tlog
C:\Users\RyanChan\Dropbox\CS174C_assignment3\Assignment 3 template (VS2012)\Build\CL.write.1.tlog
C:\Users\RyanChan\Dropbox\CS174C_assignment3\Assignment 3 template (VS2012)\Build\link-cvtres.read.1.tlog
C:\Users\RyanChan\Dropbox\CS174C_assignment3\Assignment 3 template (VS2012)\Build\link-cvtres.write.1.tlog
C:\Users\RyanChan\Dropbox\CS174C_assignment3\Assignment 3 template (VS2012)\Build\link-rc.read.1.tlog
C:\Users\RyanChan\Dropbox\CS174C_assignment3\Assignment 3 template (VS2012)\Build\link-rc.write.1.tlog
C:\Users\RyanChan\Dropbox\CS174C_assignment3\Assignment 3 template (VS2012)\Build\link.command.1.tlog
C:\Users\RyanChan\Dropbox\CS174C_assignment3\Assignment 3 template (VS2012)\Build\link.read.1.tlog
C:\Users\RyanChan\Dropbox\CS174C_assignment3\Assignment 3 template (VS2012)\Build\link.write.1.tlog
C:\Users\RyanChan\Dropbox\CS174C_assignment3\Assignment 3 template (VS2012)\Build\vc110.idb
C:\Users\RyanChan\Dropbox\CS174C_assignment3\Assignment 3 template (VS2012)\Build\anim.pdb
C:\Users\RyanChan\Dropbox\CS174C_assignment3\Assignment 3 template (VS2012)\Build\vc110.pdb
C:\Users\RyanChan\Dropbox\CS174C_assignment3\Assignment 3 template (VS2012)\Build\anim.exe
